<?xml version="1.0" encoding="UTF-8"?>
<testsuite xmlns:xsi="http://www.w3.org/2001/XMLSchema-instance" xsi:noNamespaceSchemaLocation="https://maven.apache.org/surefire/maven-surefire-plugin/xsd/surefire-test-report-3.0.xsd" version="3.0" name="com.jacocotest.BookTest" time="0.626" tests="2" errors="0" skipped="0" failures="0">
  <properties>
    <property name="sun.desktop" value="windows"/>
    <property name="awt.toolkit" value="sun.awt.windows.WToolkit"/>
    <property name="file.encoding.pkg" value="sun.io"/>
    <property name="java.specification.version" value="1.8"/>
    <property name="sun.cpu.isalist" value="amd64"/>
    <property name="sun.jnu.encoding" value="Cp1252"/>
    <property name="java.class.path" value="D:\JavaSonarLintWS\jacoco\target\test-classes;D:\JavaSonarLintWS\jacoco\target\classes;C:\Users\seete\.m2\repository\junit\junit\4.13\junit-4.13.jar;C:\Users\seete\.m2\repository\org\hamcrest\hamcrest-core\1.3\hamcrest-core-1.3.jar;C:\Users\seete\.m2\repository\org\testng\testng\7.1.0\testng-7.1.0.jar;C:\Users\seete\.m2\repository\com\beust\jcommander\1.72\jcommander-1.72.jar;C:\Users\seete\.m2\repository\com\google\inject\guice\4.1.0\guice-4.1.0-no_aop.jar;C:\Users\seete\.m2\repository\javax\inject\javax.inject\1\javax.inject-1.jar;C:\Users\seete\.m2\repository\aopalliance\aopalliance\1.0\aopalliance-1.0.jar;C:\Users\seete\.m2\repository\com\google\guava\guava\19.0\guava-19.0.jar;C:\Users\seete\.m2\repository\org\yaml\snakeyaml\1.21\snakeyaml-1.21.jar;"/>
    <property name="java.vm.vendor" value="Oracle Corporation"/>
    <property name="sun.arch.data.model" value="64"/>
    <property name="user.variant" value=""/>
    <property name="java.vendor.url" value="http://java.oracle.com/"/>
    <property name="user.timezone" value="Asia/Calcutta"/>
    <property name="java.vm.specification.version" value="1.8"/>
    <property name="os.name" value="Windows 10"/>
    <property name="user.country" value="IN"/>
    <property name="sun.java.launcher" value="SUN_STANDARD"/>
    <property name="sun.boot.library.path" value="D:\jdk1.8\jre\bin"/>
    <property name="sun.java.command" value="C:\Users\seete\AppData\Local\Temp\surefire1666948694736783080\surefirebooter3692268335996316037.jar C:\Users\seete\AppData\Local\Temp\surefire1666948694736783080 2020-07-24T22-45-36_829-jvmRun1 surefire3477823253779699674tmp surefire_03581886240119944294tmp"/>
    <property name="surefire.test.class.path" value="D:\JavaSonarLintWS\jacoco\target\test-classes;D:\JavaSonarLintWS\jacoco\target\classes;C:\Users\seete\.m2\repository\junit\junit\4.13\junit-4.13.jar;C:\Users\seete\.m2\repository\org\hamcrest\hamcrest-core\1.3\hamcrest-core-1.3.jar;C:\Users\seete\.m2\repository\org\testng\testng\7.1.0\testng-7.1.0.jar;C:\Users\seete\.m2\repository\com\beust\jcommander\1.72\jcommander-1.72.jar;C:\Users\seete\.m2\repository\com\google\inject\guice\4.1.0\guice-4.1.0-no_aop.jar;C:\Users\seete\.m2\repository\javax\inject\javax.inject\1\javax.inject-1.jar;C:\Users\seete\.m2\repository\aopalliance\aopalliance\1.0\aopalliance-1.0.jar;C:\Users\seete\.m2\repository\com\google\guava\guava\19.0\guava-19.0.jar;C:\Users\seete\.m2\repository\org\yaml\snakeyaml\1.21\snakeyaml-1.21.jar;"/>
    <property name="sun.cpu.endian" value="little"/>
    <property name="user.home" value="C:\Users\seete"/>
    <property name="user.language" value="en"/>
    <property name="java.specification.vendor" value="Oracle Corporation"/>
    <property name="java.home" value="D:\jdk1.8\jre"/>
    <property name="basedir" value="D:\JavaSonarLintWS\jacoco"/>
    <property name="jacoco-agent-destfile" value="target/jacoco.exec"/>
    <property name="file.separator" value="\"/>
    <property name="line.separator" value="&#10;"/>
    <property name="java.vm.specification.vendor" value="Oracle Corporation"/>
    <property name="java.specification.name" value="Java Platform API Specification"/>
    <property name="java.awt.graphicsenv" value="sun.awt.Win32GraphicsEnvironment"/>
    <property name="surefire.real.class.path" value="C:\Users\seete\AppData\Local\Temp\surefire1666948694736783080\surefirebooter3692268335996316037.jar;C:\\Users\\seete\\.m2\\repository\\org\\jacoco\\org.jacoco.agent\\0.8.5\\org.jacoco.agent-0.8.5-runtime.jar"/>
    <property name="sun.boot.class.path" value="D:\jdk1.8\jre\lib\resources.jar;D:\jdk1.8\jre\lib\rt.jar;D:\jdk1.8\jre\lib\sunrsasign.jar;D:\jdk1.8\jre\lib\jsse.jar;D:\jdk1.8\jre\lib\jce.jar;D:\jdk1.8\jre\lib\charsets.jar;D:\jdk1.8\jre\lib\jfr.jar;D:\jdk1.8\jre\classes"/>
    <property name="user.script" value=""/>
    <property name="sun.management.compiler" value="HotSpot 64-Bit Tiered Compilers"/>
    <property name="java.runtime.version" value="1.8.0_251-b08"/>
    <property name="user.name" value="seete"/>
    <property name="path.separator" value=";"/>
    <property name="os.version" value="10.0"/>
    <property name="java.endorsed.dirs" value="D:\jdk1.8\jre\lib\endorsed"/>
    <property name="java.runtime.name" value="Java(TM) SE Runtime Environment"/>
    <property name="file.encoding" value="Cp1252"/>
    <property name="java.vm.name" value="Java HotSpot(TM) 64-Bit Server VM"/>
    <property name="localRepository" value="C:\Users\seete\.m2\repository"/>
    <property name="java.vendor.url.bug" value="http://bugreport.sun.com/bugreport/"/>
    <property name="java.io.tmpdir" value="C:\Users\seete\AppData\Local\Temp\"/>
    <property name="java.version" value="1.8.0_251"/>
    <property name="user.dir" value="D:\JavaSonarLintWS\jacoco"/>
    <property name="os.arch" value="amd64"/>
    <property name="java.vm.specification.name" value="Java Virtual Machine Specification"/>
    <property name="java.awt.printerjob" value="sun.awt.windows.WPrinterJob"/>
    <property name="sun.os.patch.level" value=""/>
    <property name="java.library.path" value="D:\jdk1.8\jre\bin;C:\Windows\Sun\Java\bin;C:\Windows\system32;C:\Windows;D:/jdk1.8/jre1.8/bin/server;D:/jdk1.8/jre1.8/bin;D:/jdk1.8/jre1.8/lib/amd64;C:\Program Files (x86)\Common Files\Oracle\Java\javapath;C:\Windows\system32;C:\Windows;C:\Windows\System32\Wbem;C:\Windows\System32\WindowsPowerShell\v1.0\;C:\Windows\System32\OpenSSH\;C:\Program Files\NVIDIA Corporation\NVIDIA NvDLISR;D:\jdk1.8\bin;D:\Python38\Scripts\;D:\Python38;D:\apache-maven-3.5.4\bin;D:\nodejs\;C:\Users\seete\AppData\Local\Microsoft\WindowsApps;C:\Users\seete\AppData\Roaming\npm;;D:\eclipseNeonsnarlint;;."/>
    <property name="java.vm.info" value="mixed mode"/>
    <property name="java.vendor" value="Oracle Corporation"/>
    <property name="java.vm.version" value="25.251-b08"/>
    <property name="java.ext.dirs" value="D:\jdk1.8\jre\lib\ext;C:\Windows\Sun\Java\lib\ext"/>
    <property name="sun.io.unicode.encoding" value="UnicodeLittle"/>
    <property name="java.class.version" value="52.0"/>
  </properties>
  <testcase name="testinvalidadmin on testinvalidadmin(com.jacocotest.BookTest)" classname="com.jacocotest.BookTest" time="0.008"/>
  <testcase name="testvalidadmin on testvalidadmin(com.jacocotest.BookTest)" classname="com.jacocotest.BookTest" time="0"/>
</testsuite>