<?xml version="1.0" encoding="UTF-8"?>
<!-- Generated by org.testng.reporters.JUnitReportReporter -->
<testsuite skipped="0" hostname="DESKTOP-7JSAPA8" name="com.jacocotest.BookTest" tests="2" failures="0" timestamp="2020-07-24T22:45:49 IST" time="0.046" errors="0">
  <testcase name="testvalidadmin" time="0.022" classname="com.jacocotest.BookTest"/>
  <system-out/>
  <testcase name="testinvalidadmin" time="0.024" classname="com.jacocotest.BookTest"/>
  <system-out/>
</testsuite> <!-- com.jacocotest.BookTest -->
